app/build/intermediates/manifest_merge_blame_file/debug/manifest-merger-blame-debug-report.txt
1<?xml version="1.0" encoding="utf-8"?>
2<manifest xmlns:android="http://schemas.android.com/apk/res/android"
3    package="com.example.sign_in_register"
4    android:versionCode="1"
5    android:versionName="1.0" >
6
7    <uses-sdk
8        android:minSdkVersion="26"
8-->src\main\AndroidManifest.xml
9        android:targetSdkVersion="30" />
9-->src\main\AndroidManifest.xml
10
11    <queries>
11-->src\main\AndroidManifest.xml:5:5-7:15
12        <package android:name="com.google.android.googlequicksearchbox" />
12-->src\main\AndroidManifest.xml:6:9-74
12-->src\main\AndroidManifest.xml:6:18-72
13    </queries>
14
15    <uses-permission android:name="android.permission.RECORD_AUDIO" />
15-->src\main\AndroidManifest.xml:9:5-71
15-->src\main\AndroidManifest.xml:9:22-68
16    <uses-permission android:name="android.permission.READ_PHONE_STATE" />
16-->src\main\AndroidManifest.xml:10:5-75
16-->src\main\AndroidManifest.xml:10:22-72
17    <uses-permission android:name="android.permission.CALL_PHONE" />
17-->src\main\AndroidManifest.xml:11:5-69
17-->src\main\AndroidManifest.xml:11:22-66
18    <uses-permission android:name="android.permission.INTERNET" />
18-->src\main\AndroidManifest.xml:12:5-67
18-->src\main\AndroidManifest.xml:12:22-64
19    <uses-permission android:name="android.permission.READ_EXTERNAL_STORAGE" />
19-->src\main\AndroidManifest.xml:13:5-80
19-->src\main\AndroidManifest.xml:13:22-77
20    <uses-permission android:name="android.permission.WRITE_EXTERNAL_STORAGE" />
20-->src\main\AndroidManifest.xml:14:5-81
20-->src\main\AndroidManifest.xml:14:22-78
21
22    <application
22-->src\main\AndroidManifest.xml:16:5-49:19
23        android:allowBackup="true"
23-->src\main\AndroidManifest.xml:17:9-35
24        android:appComponentFactory="androidx.core.app.CoreComponentFactory"
24-->[androidx.core:core:1.3.1] AndroidManifest.xml:24:18-86
25        android:debuggable="true"
26        android:extractNativeLibs="false"
27        android:icon="@drawable/sjog_logo2"
27-->src\main\AndroidManifest.xml:18:9-44
28        android:label="@string/app_name"
28-->src\main\AndroidManifest.xml:19:9-41
29        android:roundIcon="@mipmap/ic_launcher_round"
29-->src\main\AndroidManifest.xml:20:9-54
30        android:supportsRtl="true"
30-->src\main\AndroidManifest.xml:21:9-35
31        android:testOnly="true"
32        android:theme="@style/Theme.Sign_In_Register"
32-->src\main\AndroidManifest.xml:22:9-54
33        android:usesCleartextTraffic="true" >
33-->src\main\AndroidManifest.xml:23:9-44
34        <activity
34-->src\main\AndroidManifest.xml:25:9-32:20
35            android:name="com.example.sign_in_register.MainPage"
35-->src\main\AndroidManifest.xml:26:13-37
36            android:screenOrientation="portrait" >
36-->src\main\AndroidManifest.xml:27:13-49
37            <intent-filter>
37-->src\main\AndroidManifest.xml:28:13-31:29
38                <action android:name="android.intent.action.MAIN" />
38-->src\main\AndroidManifest.xml:29:17-69
38-->src\main\AndroidManifest.xml:29:25-66
39
40                <category android:name="android.intent.category.LAUNCHER" />
40-->src\main\AndroidManifest.xml:30:17-77
40-->src\main\AndroidManifest.xml:30:27-74
41            </intent-filter>
42        </activity>
43        <activity
43-->src\main\AndroidManifest.xml:33:9-36:20
44            android:name="com.example.sign_in_register.LocationSelectionActivity"
44-->src\main\AndroidManifest.xml:34:13-54
45            android:screenOrientation="portrait" >
45-->src\main\AndroidManifest.xml:35:13-49
46        </activity>
47        <activity
47-->src\main\AndroidManifest.xml:37:9-40:20
48            android:name="com.example.sign_in_register.HelpActivity"
48-->src\main\AndroidManifest.xml:38:13-41
49            android:screenOrientation="portrait" >
49-->src\main\AndroidManifest.xml:39:13-49
50        </activity>
51        <activity
51-->src\main\AndroidManifest.xml:41:9-44:20
52            android:name="com.example.sign_in_register.LoginVoiceActivity"
52-->src\main\AndroidManifest.xml:42:13-47
53            android:screenOrientation="portrait" >
53-->src\main\AndroidManifest.xml:43:13-49
54        </activity>
55        <activity
55-->src\main\AndroidManifest.xml:45:9-48:20
56            android:name="com.example.sign_in_register.AdminPage"
56-->src\main\AndroidManifest.xml:46:13-38
57            android:screenOrientation="portrait" >
57-->src\main\AndroidManifest.xml:47:13-49
58        </activity>
59    </application>
60
61</manifest>